\BOOKMARK [1][-]{section.1}{Introduction}{}% 1
\BOOKMARK [2][-]{subsection.1.1}{Motivation}{section.1}% 2
\BOOKMARK [2][-]{subsection.1.2}{Challenges}{section.1}% 3
\BOOKMARK [2][-]{subsection.1.3}{Contribution}{section.1}% 4
\BOOKMARK [2][-]{subsection.1.4}{Organization of Report}{section.1}% 5
\BOOKMARK [1][-]{section.2}{Preliminaries}{}% 6
\BOOKMARK [1][-]{section.3}{Requirements}{}% 7
\BOOKMARK [2][-]{subsection.3.1}{Functional Requirements}{section.3}% 8
\BOOKMARK [2][-]{subsection.3.2}{Security Requirements}{section.3}% 9
\BOOKMARK [1][-]{section.4}{Design}{}% 10
\BOOKMARK [2][-]{subsection.4.1}{Intra-network Implementation}{section.4}% 11
\BOOKMARK [2][-]{subsection.4.2}{Inter-network Implementation}{section.4}% 12
\BOOKMARK [1][-]{section.5}{Implementation and Design Decisions}{}% 13
\BOOKMARK [2][-]{subsection.5.1}{Intra-network Implementation}{section.5}% 14
\BOOKMARK [1][-]{section.6}{Evaluation}{}% 15
\BOOKMARK [2][-]{subsection.6.1}{Functional Evaluation}{section.6}% 16
\BOOKMARK [2][-]{subsection.6.2}{Security Evaluation}{section.6}% 17
\BOOKMARK [1][-]{section.7}{Related Work}{}% 18
\BOOKMARK [1][-]{section.8}{Future Work}{}% 19
\BOOKMARK [1][-]{section.9}{Concluding Remarks}{}% 20
\BOOKMARK [1][-]{section.10}{References}{}% 21
